<?xml version="1.0" encoding="UTF-8"?>
<testng-results skipped="0" failed="0" ignored="0" total="3" passed="3">
  <reporter-output>
  </reporter-output>
  <suite name="Default suite" duration-ms="12866" started-at="2022-03-10T18:01:35 IST" finished-at="2022-03-10T18:01:47 IST">
    <groups>
      <group name="cucumber">
        <method signature="AbstractTestNGCucumberTests.runScenario(io.cucumber.testng.PickleWrapper,io.cucumber.testng.FeatureWrapper)[pri:0, instance:runners.OpenCartrunner@78186a70]" name="runScenario" class="io.cucumber.testng.AbstractTestNGCucumberTests"/>
      </group> <!-- cucumber -->
    </groups>
    <test name="Default test" duration-ms="12866" started-at="2022-03-10T18:01:35 IST" finished-at="2022-03-10T18:01:47 IST">
      <class name="runners.OpenCartrunner">
        <test-method status="PASS" signature="setUpClass(org.testng.ITestContext)[pri:0, instance:runners.OpenCartrunner@78186a70]" name="setUpClass" is-config="true" duration-ms="899" started-at="2022-03-10T18:01:35 IST" finished-at="2022-03-10T18:01:36 IST">
          <params>
            <param index="0">
              <value>
                <![CDATA[org.testng.TestRunner@17d32e9b]]>
              </value>
            </param>
          </params>
          <reporter-output>
          </reporter-output>
        </test-method> <!-- setUpClass -->
        <test-method status="PASS" signature="runScenario(io.cucumber.testng.PickleWrapper,io.cucumber.testng.FeatureWrapper)[pri:0, instance:runners.OpenCartrunner@78186a70]" name="runScenario" duration-ms="9051" started-at="2022-03-10T18:01:36 IST" description="Runs Cucumber Scenarios" data-provider="scenarios" finished-at="2022-03-10T18:01:45 IST">
          <params>
            <param index="0">
              <value>
                <![CDATA["Valid Login"]]>
              </value>
            </param>
            <param index="1">
              <value>
                <![CDATA["Optional[Place an order in the demo cart]"]]>
              </value>
            </param>
          </params>
          <reporter-output>
          </reporter-output>
        </test-method> <!-- runScenario -->
        <test-method status="PASS" signature="runScenario(io.cucumber.testng.PickleWrapper,io.cucumber.testng.FeatureWrapper)[pri:0, instance:runners.OpenCartrunner@78186a70]" name="runScenario" duration-ms="960" started-at="2022-03-10T18:01:45 IST" description="Runs Cucumber Scenarios" data-provider="scenarios" finished-at="2022-03-10T18:01:46 IST">
          <params>
            <param index="0">
              <value>
                <![CDATA["Search Item"]]>
              </value>
            </param>
            <param index="1">
              <value>
                <![CDATA["Optional[Place an order in the demo cart]"]]>
              </value>
            </param>
          </params>
          <reporter-output>
          </reporter-output>
        </test-method> <!-- runScenario -->
        <test-method status="PASS" signature="runScenario(io.cucumber.testng.PickleWrapper,io.cucumber.testng.FeatureWrapper)[pri:0, instance:runners.OpenCartrunner@78186a70]" name="runScenario" duration-ms="498" started-at="2022-03-10T18:01:46 IST" description="Runs Cucumber Scenarios" data-provider="scenarios" finished-at="2022-03-10T18:01:46 IST">
          <params>
            <param index="0">
              <value>
                <![CDATA["Add to Cart"]]>
              </value>
            </param>
            <param index="1">
              <value>
                <![CDATA["Optional[Place an order in the demo cart]"]]>
              </value>
            </param>
          </params>
          <reporter-output>
          </reporter-output>
        </test-method> <!-- runScenario -->
        <test-method status="PASS" signature="tearDownClass()[pri:0, instance:runners.OpenCartrunner@78186a70]" name="tearDownClass" is-config="true" duration-ms="1401" started-at="2022-03-10T18:01:46 IST" finished-at="2022-03-10T18:01:47 IST">
          <reporter-output>
          </reporter-output>
        </test-method> <!-- tearDownClass -->
      </class> <!-- runners.OpenCartrunner -->
    </test> <!-- Default test -->
  </suite> <!-- Default suite -->
</testng-results>
